[90m┌─────────────────────────┬──────────────────────────────────────────────────┐[39m
[90m│[39m[31m METHOD                  [39m[90m│[39m[31m ROUTE                                            [39m[90m│[39m
[90m├─────────────────────────┼──────────────────────────────────────────────────┤[39m
[90m│[39m [33mGET[39m                     [90m│[39m /                                                [90m│[39m
[90m├─────────────────────────┼──────────────────────────────────────────────────┤[39m
[90m│[39m [33mGET[39m                     [90m│[39m /clear                                           [90m│[39m
[90m├─────────────────────────┼──────────────────────────────────────────────────┤[39m
[90m│[39m [33mGET[39m                     [90m│[39m /api/count                                       [90m│[39m
[90m├─────────────────────────┼──────────────────────────────────────────────────┤[39m
[90m│[39m [32mPOST[39m [33mGET[39m [36mPUT[39m            [90m│[39m /api/election                                    [90m│[39m
[90m├─────────────────────────┼──────────────────────────────────────────────────┤[39m
[90m│[39m [33mGET[39m [31mDELETE[39m              [90m│[39m /api/election/:id                                [90m│[39m
[90m├─────────────────────────┼──────────────────────────────────────────────────┤[39m
[90m│[39m [32mPOST[39m [33mGET[39m                [90m│[39m /api/constituency                                [90m│[39m
[90m├─────────────────────────┼──────────────────────────────────────────────────┤[39m
[90m│[39m [31mDELETE[39m                  [90m│[39m /api/constituency/:id                            [90m│[39m
[90m├─────────────────────────┼──────────────────────────────────────────────────┤[39m
[90m│[39m [32mPOST[39m [33mGET[39m                [90m│[39m /api/candidate                                   [90m│[39m
[90m├─────────────────────────┼──────────────────────────────────────────────────┤[39m
[90m│[39m [32mPOST[39m [33mGET[39m                [90m│[39m /api/user                                        [90m│[39m
[90m├─────────────────────────┼──────────────────────────────────────────────────┤[39m
[90m│[39m [33mGET[39m                     [90m│[39m /api/user/:uid                                   [90m│[39m
[90m├─────────────────────────┼──────────────────────────────────────────────────┤[39m
[90m│[39m [31mDELETE[39m                  [90m│[39m /api/user/:id                                    [90m│[39m
[90m├─────────────────────────┼──────────────────────────────────────────────────┤[39m
[90m│[39m [32mPOST[39m                    [90m│[39m /api/sendVerificationCode                        [90m│[39m
[90m├─────────────────────────┼──────────────────────────────────────────────────┤[39m
[90m│[39m [32mPOST[39m                    [90m│[39m /api/verify                                      [90m│[39m
[90m└─────────────────────────┴──────────────────────────────────────────────────┘[39m